<?xml version="1.0" encoding="UTF-8"?>
<!-- Generated by org.testng.reporters.JUnitXMLReporter -->
<testsuite ignored="0" hostname="Omar-Khaled" failures="0" tests="2" name="Login Tests" time="19.845" errors="0" timestamp="2026-05-09T01:43:06 EEST">
  <testcase classname="com.axis.automation.tests.login.LoginTests" name="tc01_validLoginWithValidCredentials" time="3.418"/>
  <testcase classname="com.axis.automation.tests.login.LoginTests" name="tc02_invalidLoginWithWrongPassword" time="1.897"/>
</testsuite> <!-- Login Tests -->
