<?xml version="1.0" encoding="UTF-8"?>
<!-- Generated by org.testng.reporters.JUnitXMLReporter -->
<testsuite ignored="0" hostname="Omar-Khaled" failures="0" tests="2" name="Registration Tests" time="24.825" errors="0" timestamp="2026-05-09T01:42:46 EEST">
  <testcase classname="com.axis.automation.tests.registration.RegistrationTests" name="tc01_validRegistrationWithValidCredentials" time="3.59"/>
  <testcase classname="com.axis.automation.tests.registration.RegistrationTests" name="tc03_missingRequiredFieldsShowsAllErrors" time="1.348"/>
</testsuite> <!-- Registration Tests -->
