<?xml version="1.0" encoding="UTF-8"?>
<testsuite xmlns:xsi="http://www.w3.org/2001/XMLSchema-instance" xsi:noNamespaceSchemaLocation="https://maven.apache.org/surefire/maven-surefire-plugin/xsd/surefire-test-report-3.0.xsd" version="3.0" name="TestSuite" time="65.117" tests="5" errors="0" skipped="0" failures="0">
  <properties>
[...]
</properties>
  <testcase name="tc01_validRegistrationWithValidCredentials" classname="com.axis.automation.tests.registration.RegistrationTests" time="3.604">
    <system-out><![CDATA[2026-05-09 01:42:30 [main] INFO  AutomationLogger - Browser launched: chrome | URL: https://ecommerce.tealiumdemo.com
2026-05-09 01:42:30 [main] INFO  AutomationLogger - Clicked: By.cssSelector: input#privacy_pref_optin
2026-05-09 01:42:30 [main] INFO  AutomationLogger - Consent modal detected — selected Opt-In
2026-05-09 01:42:31 [main] INFO  AutomationLogger - Clicked: By.cssSelector: div#consent_prompt_submit
2026-05-09 01:42:31 [main] INFO  AutomationLogger - Consent modal dismissed successfully
2026-05-09 01:42:32 [main] INFO  AutomationLogger - Clicked: By.cssSelector: a.skip-account
2026-05-09 01:42:32 [main] INFO  AutomationLogger - Opened account dropdown
2026-05-09 01:42:32 [main] INFO  AutomationLogger - Clicked: By.cssSelector: #header-account a[href*='account/create']
2026-05-09 01:42:32 [main] INFO  AutomationLogger - Clicked Register from header
2026-05-09 01:42:33 [main] INFO  AutomationLogger - ?? TEST STARTED: tc01_validRegistrationWithValidCredentials
2026-05-09 01:42:34 [main] INFO  AutomationLogger - Test data loaded: [validUser] from [testdata/users.json]
2026-05-09 01:42:34 [main] INFO  AutomationLogger - Typed 'Omar' into: By.id: firstname
2026-05-09 01:42:34 [main] INFO  AutomationLogger - Entered first name: Omar
2026-05-09 01:42:35 [main] INFO  AutomationLogger - Typed 'Adriano' into: By.id: lastname
2026-05-09 01:42:35 [main] INFO  AutomationLogger - Entered last name: Adriano
2026-05-09 01:42:35 [main] INFO  AutomationLogger - Typed 'axis.testuser1.reg2026@gmail.com' into: By.id: email_address
2026-05-09 01:42:35 [main] INFO  AutomationLogger - Entered email: axis.testuser1.reg2026@gmail.com
2026-05-09 01:42:35 [main] INFO  AutomationLogger - Typed 'Adriano@123' into: By.id: password
2026-05-09 01:42:35 [main] INFO  AutomationLogger - Entered password
2026-05-09 01:42:35 [main] INFO  AutomationLogger - Typed 'Adriano@123' into: By.id: confirmation
2026-05-09 01:42:35 [main] INFO  AutomationLogger - Entered confirm password
2026-05-09 01:42:35 [main] INFO  AutomationLogger - Scrolled to: By.cssSelector: button[title='Register']
2026-05-09 01:42:37 [main] INFO  AutomationLogger - JS Clicked: By.cssSelector: button[title='Register']
2026-05-09 01:42:37 [main] INFO  AutomationLogger - Registration submitted — transitioning to Account Dashboard
2026-05-09 01:42:37 [main] INFO  AutomationLogger - Account dashboard loaded successfully
]]></system-out>
    <system-err><![CDATA[SLF4J: Failed to load class "org.slf4j.impl.StaticLoggerBinder".
SLF4J: Defaulting to no-operation (NOP) logger implementation
SLF4J: See http://www.slf4j.org/codes.html#StaticLoggerBinder for further details.
May 09, 2026 1:42:25 AM org.openqa.selenium.devtools.CdpVersionFinder findNearestMatch
WARNING: Unable to find CDP implementation matching 147
May 09, 2026 1:42:25 AM org.openqa.selenium.chromium.ChromiumDriver lambda$new$5
WARNING: Unable to find version of CDP to use for 147.0.7727.138. You may need to include a dependency on a specific version of the CDP using something similar to `org.seleniumhq.selenium:selenium-devtools-v86:4.21.0` where the version ("v86") matches the version of the chromium-based browser you're using and the version number of the artifact is the same as Selenium's.
]]></system-err>
  </testcase>
  <testcase name="tc03_missingRequiredFieldsShowsAllErrors" classname="com.axis.automation.tests.registration.RegistrationTests" time="1.355">
    <system-out><![CDATA[2026-05-09 01:42:37 [main] INFO  AutomationLogger - ? TEST PASSED: tc01_validRegistrationWithValidCredentials
2026-05-09 01:42:37 [main] INFO  AutomationLogger - ? PASSED: tc01_validRegistrationWithValidCredentials
2026-05-09 01:42:38 [main] INFO  AutomationLogger - Browser closed after: tc01_validRegistrationWithValidCredentials
2026-05-09 01:42:42 [main] INFO  AutomationLogger - Browser launched: chrome | URL: https://ecommerce.tealiumdemo.com
2026-05-09 01:42:42 [main] INFO  AutomationLogger - Clicked: By.cssSelector: input#privacy_pref_optin
2026-05-09 01:42:42 [main] INFO  AutomationLogger - Consent modal detected — selected Opt-In
2026-05-09 01:42:42 [main] INFO  AutomationLogger - Clicked: By.cssSelector: div#consent_prompt_submit
2026-05-09 01:42:42 [main] INFO  AutomationLogger - Consent modal dismissed successfully
2026-05-09 01:42:43 [main] INFO  AutomationLogger - Clicked: By.cssSelector: a.skip-account
2026-05-09 01:42:43 [main] INFO  AutomationLogger - Opened account dropdown
2026-05-09 01:42:43 [main] INFO  AutomationLogger - Clicked: By.cssSelector: #header-account a[href*='account/create']
2026-05-09 01:42:43 [main] INFO  AutomationLogger - Clicked Register from header
2026-05-09 01:42:45 [main] INFO  AutomationLogger - ?? TEST STARTED: tc03_missingRequiredFieldsShowsAllErrors
2026-05-09 01:42:45 [main] INFO  AutomationLogger - Test data loaded: [missingFieldsUser] from [testdata/users.json]
2026-05-09 01:42:45 [main] INFO  AutomationLogger - Typed '' into: By.id: firstname
2026-05-09 01:42:45 [main] INFO  AutomationLogger - Entered first name: 
2026-05-09 01:42:45 [main] INFO  AutomationLogger - Typed '' into: By.id: lastname
2026-05-09 01:42:45 [main] INFO  AutomationLogger - Entered last name: 
2026-05-09 01:42:45 [main] INFO  AutomationLogger - Typed '' into: By.id: email_address
2026-05-09 01:42:45 [main] INFO  AutomationLogger - Entered email: 
2026-05-09 01:42:45 [main] INFO  AutomationLogger - Typed '' into: By.id: password
2026-05-09 01:42:45 [main] INFO  AutomationLogger - Entered password
2026-05-09 01:42:46 [main] INFO  AutomationLogger - Typed '' into: By.id: confirmation
2026-05-09 01:42:46 [main] INFO  AutomationLogger - Entered confirm password
2026-05-09 01:42:46 [main] INFO  AutomationLogger - Scrolled to: By.cssSelector: button[title='Register']
2026-05-09 01:42:46 [main] INFO  AutomationLogger - JS Clicked: By.cssSelector: button[title='Register']
2026-05-09 01:42:46 [main] INFO  AutomationLogger - Clicked Register submit button
]]></system-out>
    <system-err><![CDATA[May 09, 2026 1:42:40 AM org.openqa.selenium.devtools.CdpVersionFinder findNearestMatch
WARNING: Unable to find CDP implementation matching 147
May 09, 2026 1:42:40 AM org.openqa.selenium.chromium.ChromiumDriver lambda$new$5
WARNING: Unable to find version of CDP to use for 147.0.7727.138. You may need to include a dependency on a specific version of the CDP using something similar to `org.seleniumhq.selenium:selenium-devtools-v86:4.21.0` where the version ("v86") matches the version of the chromium-based browser you're using and the version number of the artifact is the same as Selenium's.
]]></system-err>
  </testcase>
  <testcase name="tc01_validLoginWithValidCredentials" classname="com.axis.automation.tests.login.LoginTests" time="3.42">
    <system-out><![CDATA[2026-05-09 01:42:46 [main] INFO  AutomationLogger - ? TEST PASSED: tc03_missingRequiredFieldsShowsAllErrors
2026-05-09 01:42:46 [main] INFO  AutomationLogger - ? PASSED: tc03_missingRequiredFieldsShowsAllErrors
2026-05-09 01:42:46 [main] INFO  AutomationLogger - Browser closed after: tc03_missingRequiredFieldsShowsAllErrors
2026-05-09 01:42:50 [main] INFO  AutomationLogger - Browser launched: chrome | URL: https://ecommerce.tealiumdemo.com
2026-05-09 01:42:50 [main] INFO  AutomationLogger - Clicked: By.cssSelector: input#privacy_pref_optin
2026-05-09 01:42:50 [main] INFO  AutomationLogger - Consent modal detected — selected Opt-In
2026-05-09 01:42:50 [main] INFO  AutomationLogger - Clicked: By.cssSelector: div#consent_prompt_submit
2026-05-09 01:42:50 [main] INFO  AutomationLogger - Consent modal dismissed successfully
2026-05-09 01:42:51 [main] INFO  AutomationLogger - Clicked: By.cssSelector: a.skip-account
2026-05-09 01:42:51 [main] INFO  AutomationLogger - Opened account dropdown
2026-05-09 01:42:51 [main] INFO  AutomationLogger - Clicked: By.cssSelector: #header-account a[href*='account/login']
2026-05-09 01:42:51 [main] INFO  AutomationLogger - Clicked Log In from header
2026-05-09 01:42:53 [main] INFO  AutomationLogger - ?? TEST STARTED: tc01_validLoginWithValidCredentials
2026-05-09 01:42:54 [main] INFO  AutomationLogger - Test data loaded: [existingUser] from [testdata/users.json]
2026-05-09 01:42:54 [main] INFO  AutomationLogger - Typed 'o.khaledomar98@gmail.com' into: By.id: email
2026-05-09 01:42:54 [main] INFO  AutomationLogger - Entered email: o.khaledomar98@gmail.com
2026-05-09 01:42:54 [main] INFO  AutomationLogger - Typed '1234567' into: By.id: pass
2026-05-09 01:42:54 [main] INFO  AutomationLogger - Entered password
2026-05-09 01:42:54 [main] INFO  AutomationLogger - Scrolled to: By.id: send2
2026-05-09 01:42:57 [main] INFO  AutomationLogger - JS Clicked: By.id: send2
2026-05-09 01:42:57 [main] INFO  AutomationLogger - Clicked Login button
2026-05-09 01:42:57 [main] INFO  AutomationLogger - Login submitted — transitioning to Account Dashboard
2026-05-09 01:42:57 [main] INFO  AutomationLogger - Account dashboard loaded successfully
]]></system-out>
    <system-err><![CDATA[May 09, 2026 1:42:48 AM org.openqa.selenium.devtools.CdpVersionFinder findNearestMatch
WARNING: Unable to find CDP implementation matching 147
May 09, 2026 1:42:48 AM org.openqa.selenium.chromium.ChromiumDriver lambda$new$5
WARNING: Unable to find version of CDP to use for 147.0.7727.138. You may need to include a dependency on a specific version of the CDP using something similar to `org.seleniumhq.selenium:selenium-devtools-v86:4.21.0` where the version ("v86") matches the version of the chromium-based browser you're using and the version number of the artifact is the same as Selenium's.
]]></system-err>
  </testcase>
  <testcase name="tc02_invalidLoginWithWrongPassword" classname="com.axis.automation.tests.login.LoginTests" time="1.897">
    <system-out><![CDATA[2026-05-09 01:42:57 [main] INFO  AutomationLogger - ? TEST PASSED: tc01_validLoginWithValidCredentials
2026-05-09 01:42:57 [main] INFO  AutomationLogger - ? PASSED: tc01_validLoginWithValidCredentials
2026-05-09 01:42:57 [main] INFO  AutomationLogger - Browser closed after: tc01_validLoginWithValidCredentials
2026-05-09 01:43:01 [main] INFO  AutomationLogger - Browser launched: chrome | URL: https://ecommerce.tealiumdemo.com
2026-05-09 01:43:02 [main] INFO  AutomationLogger - Clicked: By.cssSelector: input#privacy_pref_optin
2026-05-09 01:43:02 [main] INFO  AutomationLogger - Consent modal detected — selected Opt-In
2026-05-09 01:43:02 [main] INFO  AutomationLogger - Clicked: By.cssSelector: div#consent_prompt_submit
2026-05-09 01:43:02 [main] INFO  AutomationLogger - Consent modal dismissed successfully
2026-05-09 01:43:02 [main] INFO  AutomationLogger - Clicked: By.cssSelector: a.skip-account
2026-05-09 01:43:02 [main] INFO  AutomationLogger - Opened account dropdown
2026-05-09 01:43:03 [main] INFO  AutomationLogger - Clicked: By.cssSelector: #header-account a[href*='account/login']
2026-05-09 01:43:03 [main] INFO  AutomationLogger - Clicked Log In from header
2026-05-09 01:43:04 [main] INFO  AutomationLogger - ?? TEST STARTED: tc02_invalidLoginWithWrongPassword
2026-05-09 01:43:04 [main] INFO  AutomationLogger - Test data loaded: [invalidLoginUser] from [testdata/users.json]
2026-05-09 01:43:04 [main] INFO  AutomationLogger - Typed 'o.khaledomar98@gmail.com' into: By.id: email
2026-05-09 01:43:04 [main] INFO  AutomationLogger - Entered email: o.khaledomar98@gmail.com
2026-05-09 01:43:05 [main] INFO  AutomationLogger - Typed 'WrongPassword999!' into: By.id: pass
2026-05-09 01:43:05 [main] INFO  AutomationLogger - Entered password
2026-05-09 01:43:05 [main] INFO  AutomationLogger - Scrolled to: By.id: send2
2026-05-09 01:43:06 [main] INFO  AutomationLogger - JS Clicked: By.id: send2
2026-05-09 01:43:06 [main] INFO  AutomationLogger - Clicked Login button
]]></system-out>
    <system-err><![CDATA[May 09, 2026 1:42:59 AM org.openqa.selenium.devtools.CdpVersionFinder findNearestMatch
WARNING: Unable to find CDP implementation matching 147
May 09, 2026 1:42:59 AM org.openqa.selenium.chromium.ChromiumDriver lambda$new$5
WARNING: Unable to find version of CDP to use for 147.0.7727.138. You may need to include a dependency on a specific version of the CDP using something similar to `org.seleniumhq.selenium:selenium-devtools-v86:4.21.0` where the version ("v86") matches the version of the chromium-based browser you're using and the version number of the artifact is the same as Selenium's.
]]></system-err>
  </testcase>
  <testcase name="tc01_addDorianShoesToCart" classname="com.axis.automation.tests.cart.AddToCartTests" time="11.772">
    <system-out><![CDATA[2026-05-09 01:43:06 [main] INFO  AutomationLogger - ? TEST PASSED: tc02_invalidLoginWithWrongPassword
2026-05-09 01:43:06 [main] INFO  AutomationLogger - ? PASSED: tc02_invalidLoginWithWrongPassword
2026-05-09 01:43:06 [main] INFO  AutomationLogger - Browser closed after: tc02_invalidLoginWithWrongPassword
2026-05-09 01:43:10 [main] INFO  AutomationLogger - Browser launched: chrome | URL: https://ecommerce.tealiumdemo.com
2026-05-09 01:43:10 [main] INFO  AutomationLogger - Clicked: By.cssSelector: input#privacy_pref_optin
2026-05-09 01:43:10 [main] INFO  AutomationLogger - Consent modal detected — selected Opt-In
2026-05-09 01:43:10 [main] INFO  AutomationLogger - Clicked: By.cssSelector: div#consent_prompt_submit
2026-05-09 01:43:10 [main] INFO  AutomationLogger - Consent modal dismissed successfully
2026-05-09 01:43:10 [main] INFO  AutomationLogger - ?? TEST STARTED: tc01_addDorianShoesToCart
2026-05-09 01:43:10 [main] INFO  AutomationLogger - Test data loaded: [existingUser] from [testdata/users.json]
2026-05-09 01:43:10 [main] INFO  AutomationLogger - Clicked: By.cssSelector: a.skip-account
2026-05-09 01:43:10 [main] INFO  AutomationLogger - Opened account dropdown
2026-05-09 01:43:11 [main] INFO  AutomationLogger - Clicked: By.cssSelector: #header-account a[href*='account/login']
2026-05-09 01:43:11 [main] INFO  AutomationLogger - Clicked Log In from header
2026-05-09 01:43:13 [main] INFO  AutomationLogger - Typed 'o.khaledomar98@gmail.com' into: By.id: email
2026-05-09 01:43:13 [main] INFO  AutomationLogger - Entered email: o.khaledomar98@gmail.com
2026-05-09 01:43:13 [main] INFO  AutomationLogger - Typed '1234567' into: By.id: pass
2026-05-09 01:43:13 [main] INFO  AutomationLogger - Entered password
2026-05-09 01:43:13 [main] INFO  AutomationLogger - Scrolled to: By.id: send2
2026-05-09 01:43:14 [main] INFO  AutomationLogger - JS Clicked: By.id: send2
2026-05-09 01:43:14 [main] INFO  AutomationLogger - Clicked Login button
2026-05-09 01:43:14 [main] INFO  AutomationLogger - Login submitted — transitioning to Account Dashboard
2026-05-09 01:43:14 [main] INFO  AutomationLogger - Account dashboard loaded successfully
2026-05-09 01:43:15 [main] INFO  AutomationLogger - Hovered over: By.cssSelector: li.nav-3 > a
2026-05-09 01:43:15 [main] INFO  AutomationLogger - Hovered over Accessories menu
2026-05-09 01:43:15 [main] INFO  AutomationLogger - Clicked: By.cssSelector: a[href*='accessories/shoes']
2026-05-09 01:43:15 [main] INFO  AutomationLogger - Clicked Shoes from Accessories submenu
2026-05-09 01:43:18 [main] INFO  AutomationLogger - Selected 'Price' from: By.cssSelector: div.sort-by select
2026-05-09 01:43:18 [main] INFO  AutomationLogger - Sorted by Price low to high
2026-05-09 01:43:18 [main] INFO  AutomationLogger - Product prices found: [210.0, 310.0, 375.0, 390.0, 410.0, 470.0]
2026-05-09 01:43:18 [main] INFO  AutomationLogger - Found product: DORIAN PERFORATED OXFORD — navigating to: https://ecommerce.tealiumdemo.com/accessories/shoes/dorian-preforated-oxford-558.html
2026-05-09 01:43:19 [main] INFO  AutomationLogger - Product details page loaded — btn-cart confirmed
2026-05-09 01:43:20 [main] INFO  AutomationLogger - Selected first available color via select: black
2026-05-09 01:43:20 [main] INFO  AutomationLogger - Color 'black' selected: true (select value=20)
2026-05-09 01:43:20 [main] INFO  AutomationLogger - Selected first available size via select: 8
2026-05-09 01:43:20 [main] INFO  AutomationLogger - Size '8' selected: true (select value=100)
2026-05-09 01:43:20 [main] INFO  AutomationLogger - Scrolled to: By.cssSelector: div.add-to-cart-buttons button.btn-cart
2026-05-09 01:43:22 [main] INFO  AutomationLogger - JS Clicked: By.cssSelector: div.add-to-cart-buttons button.btn-cart
2026-05-09 01:43:22 [main] INFO  AutomationLogger - Clicked Add to Cart — redirecting to Cart page
2026-05-09 01:43:22 [main] INFO  AutomationLogger - Cart page loaded with success message
]]></system-out>
    <system-err><![CDATA[May 09, 2026 1:43:08 AM org.openqa.selenium.devtools.CdpVersionFinder findNearestMatch
WARNING: Unable to find CDP implementation matching 147
May 09, 2026 1:43:08 AM org.openqa.selenium.chromium.ChromiumDriver lambda$new$5
WARNING: Unable to find version of CDP to use for 147.0.7727.138. You may need to include a dependency on a specific version of the CDP using something similar to `org.seleniumhq.selenium:selenium-devtools-v86:4.21.0` where the version ("v86") matches the version of the chromium-based browser you're using and the version number of the artifact is the same as Selenium's.
]]></system-err>
  </testcase>
</testsuite>