<?xml version="1.0" encoding="UTF-8"?>
<!-- Generated by org.testng.reporters.JUnitReportReporter -->
<testsuite hostname="Omar-Khaled" failures="0" tests="2" name="com.axis.automation.tests.registration.RegistrationTests" time="24.214" errors="0" timestamp="2026-05-09T01:43:22 EEST" skipped="0">
  <testcase classname="com.axis.automation.tests.registration.RegistrationTests" name="tc01_validRegistrationWithValidCredentials" time="16.296"/>
  <testcase classname="com.axis.automation.tests.registration.RegistrationTests" name="tc03_missingRequiredFieldsShowsAllErrors" time="7.918"/>
</testsuite> <!-- com.axis.automation.tests.registration.RegistrationTests -->
