<?xml version="1.0" encoding="UTF-8"?>
<!-- Generated by org.testng.reporters.JUnitReportReporter -->
<testsuite hostname="Omar-Khaled" failures="0" tests="2" name="com.axis.automation.tests.login.LoginTests" time="19.822" errors="0" timestamp="2026-05-09T01:43:22 EEST" skipped="0">
  <testcase classname="com.axis.automation.tests.login.LoginTests" name="tc01_validLoginWithValidCredentials" time="9.886"/>
  <testcase classname="com.axis.automation.tests.login.LoginTests" name="tc02_invalidLoginWithWrongPassword" time="9.936"/>
</testsuite> <!-- com.axis.automation.tests.login.LoginTests -->
